<?xml version="1.0" encoding="UTF-8"?>
<!-- Generated by org.testng.reporters.JUnitReportReporter -->
<testsuite skipped="0" hostname="BDC6-DX-J0R79F2" name="com.test.mavendemo8" tests="1" failures="0" timestamp="16 Jul 2019 10:28:36 GMT" time="30.085" errors="0">
  <testcase name="f" time="30.085" classname="com.test.mavendemo8"/>
</testsuite> <!-- com.test.mavendemo8 -->
