<?xml version="1.0" encoding="UTF-8"?>
<!-- Generated by org.testng.reporters.JUnitReportReporter -->
<testsuite skipped="0" hostname="BDC6-DX-J0R79F2" name="com.test.mavendemo5_citibank" tests="1" failures="0" timestamp="16 Jul 2019 09:42:09 GMT" time="51.241" errors="0">
  <testcase name="f" time="51.241" classname="com.test.mavendemo5_citibank"/>
</testsuite> <!-- com.test.mavendemo5_citibank -->
