<?xml version="1.0" encoding="UTF-8"?>
<!-- Generated by org.testng.reporters.JUnitReportReporter -->
<testsuite skipped="0" hostname="BDC6-DX-J0R79F2" name="com.test.mavendemo2" tests="1" failures="0" timestamp="16 Jul 2019 05:27:59 GMT" time="22.868" errors="0">
  <testcase name="f" time="22.868" classname="com.test.mavendemo2"/>
</testsuite> <!-- com.test.mavendemo2 -->
