<?xml version="1.0" encoding="UTF-8"?>
<!-- Generated by org.testng.reporters.JUnitReportReporter -->
<testsuite skipped="0" hostname="BDC6-DX-J0R79F2" name="com.test.mavendemo9" tests="1" failures="0" timestamp="16 Jul 2019 10:42:41 GMT" time="13.817" errors="0">
  <testcase name="f" time="13.817" classname="com.test.mavendemo9"/>
</testsuite> <!-- com.test.mavendemo9 -->
