<?xml version="1.0" encoding="UTF-8"?>
<!-- Generated by org.testng.reporters.JUnitReportReporter -->
<testsuite skipped="0" hostname="BDC6-DX-J0R79F2" name="com.test.Apache_poidemo2" tests="1" failures="0" timestamp="17 Jul 2019 05:37:44 GMT" time="21.741" errors="0">
  <testcase name="f" time="21.741" classname="com.test.Apache_poidemo2"/>
</testsuite> <!-- com.test.Apache_poidemo2 -->
