<?xml version="1.0" encoding="UTF-8"?>
<!-- Generated by org.testng.reporters.JUnitReportReporter -->
<testsuite skipped="0" hostname="BDC6-DX-J0R79F2" name="com.test.mavendemo10" tests="1" failures="0" timestamp="17 Jul 2019 03:08:32 GMT" time="24.179" errors="0">
  <testcase name="f" time="24.179" classname="com.test.mavendemo10"/>
</testsuite> <!-- com.test.mavendemo10 -->
