<?xml version="1.0" encoding="UTF-8"?>
<!-- Generated by org.testng.reporters.JUnitReportReporter -->
<testsuite skipped="0" hostname="BDC6-DX-J0R79F2" name="com.test.mavendemo1" tests="1" failures="0" timestamp="15 Jul 2019 10:04:44 GMT" time="11.658" errors="0">
  <testcase name="f" time="11.658" classname="com.test.mavendemo1"/>
</testsuite> <!-- com.test.mavendemo1 -->
