<?xml version="1.0" encoding="UTF-8"?>
<!-- Generated by org.testng.reporters.JUnitReportReporter -->
<testsuite skipped="0" hostname="BDC6-DX-J0R79F2" name="com.test.mavendemo3" tests="1" failures="0" timestamp="19 Jul 2019 05:21:14 GMT" time="15.073" errors="0">
  <testcase name="f" time="15.073" classname="com.test.mavendemo3"/>
</testsuite> <!-- com.test.mavendemo3 -->
